ERROR - 2023-06-13 18:25:55 --> Error connecting to the database: mysqli_sql_exception: No se puede establecer una conexión ya que el equipo de destino denegó expresamente dicha conexión in C:\xampp\htdocs\CIBERSHIFT\system\Database\MySQLi\Connection.php:173
Stack trace:
#0 C:\xampp\htdocs\CIBERSHIFT\system\Database\MySQLi\Connection.php(173): mysqli->real_connect('localhost', 'root', Object(SensitiveParameterValue), 'barberia', 3306, '', 0)
#1 C:\xampp\htdocs\CIBERSHIFT\system\Database\BaseConnection.php(391): CodeIgniter\Database\MySQLi\Connection->connect(false)
#2 C:\xampp\htdocs\CIBERSHIFT\system\Database\BaseConnection.php(574): CodeIgniter\Database\BaseConnection->initialize()
#3 C:\xampp\htdocs\CIBERSHIFT\system\Database\BaseBuilder.php(1616): CodeIgniter\Database\BaseConnection->query('SELECT *\nFROM `...', Array, false)
#4 C:\xampp\htdocs\CIBERSHIFT\app\Models\Usuario.php(9): CodeIgniter\Database\BaseBuilder->get()
#5 C:\xampp\htdocs\CIBERSHIFT\app\Controllers\Home.php(93): App\Models\Usuario->obtenerusuario(Array)
#6 C:\xampp\htdocs\CIBERSHIFT\system\CodeIgniter.php(934): App\Controllers\Home->login()
#7 C:\xampp\htdocs\CIBERSHIFT\system\CodeIgniter.php(499): CodeIgniter\CodeIgniter->runController(Object(App\Controllers\Home))
#8 C:\xampp\htdocs\CIBERSHIFT\system\CodeIgniter.php(368): CodeIgniter\CodeIgniter->handleRequest(NULL, Object(Config\Cache), false)
#9 C:\xampp\htdocs\CIBERSHIFT\public\index.php(67): CodeIgniter\CodeIgniter->run()
#10 {main}

Next CodeIgniter\Database\Exceptions\DatabaseException: No se puede establecer una conexión ya que el equipo de destino denegó expresamente dicha conexión in C:\xampp\htdocs\CIBERSHIFT\system\Database\MySQLi\Connection.php:218
Stack trace:
#0 C:\xampp\htdocs\CIBERSHIFT\system\Database\BaseConnection.php(391): CodeIgniter\Database\MySQLi\Connection->connect(false)
#1 C:\xampp\htdocs\CIBERSHIFT\system\Database\BaseConnection.php(574): CodeIgniter\Database\BaseConnection->initialize()
#2 C:\xampp\htdocs\CIBERSHIFT\system\Database\BaseBuilder.php(1616): CodeIgniter\Database\BaseConnection->query('SELECT *\nFROM `...', Array, false)
#3 C:\xampp\htdocs\CIBERSHIFT\app\Models\Usuario.php(9): CodeIgniter\Database\BaseBuilder->get()
#4 C:\xampp\htdocs\CIBERSHIFT\app\Controllers\Home.php(93): App\Models\Usuario->obtenerusuario(Array)
#5 C:\xampp\htdocs\CIBERSHIFT\system\CodeIgniter.php(934): App\Controllers\Home->login()
#6 C:\xampp\htdocs\CIBERSHIFT\system\CodeIgniter.php(499): CodeIgniter\CodeIgniter->runController(Object(App\Controllers\Home))
#7 C:\xampp\htdocs\CIBERSHIFT\system\CodeIgniter.php(368): CodeIgniter\CodeIgniter->handleRequest(NULL, Object(Config\Cache), false)
#8 C:\xampp\htdocs\CIBERSHIFT\public\index.php(67): CodeIgniter\CodeIgniter->run()
#9 {main}
CRITICAL - 2023-06-13 18:25:55 --> Unable to connect to the database.
Main connection [MySQLi]: No se puede establecer una conexión ya que el equipo de destino denegó expresamente dicha conexión
in SYSTEMPATH\Database\BaseConnection.php on line 427.
 1 SYSTEMPATH\Database\BaseConnection.php(574): CodeIgniter\Database\BaseConnection->initialize()
 2 SYSTEMPATH\Database\BaseBuilder.php(1616): CodeIgniter\Database\BaseConnection->query('SELECT *
FROM `t_usuario`
WHERE `usuario` = :usuario:', [...], false)
 3 APPPATH\Models\Usuario.php(9): CodeIgniter\Database\BaseBuilder->get()
 4 APPPATH\Controllers\Home.php(93): App\Models\Usuario->obtenerusuario([...])
 5 SYSTEMPATH\CodeIgniter.php(934): App\Controllers\Home->login()
 6 SYSTEMPATH\CodeIgniter.php(499): CodeIgniter\CodeIgniter->runController(Object(App\Controllers\Home))
 7 SYSTEMPATH\CodeIgniter.php(368): CodeIgniter\CodeIgniter->handleRequest(null, Object(Config\Cache), false)
 8 FCPATH\index.php(67): CodeIgniter\CodeIgniter->run()
CRITICAL - 2023-06-13 18:29:51 --> No se puede establecer una conexión ya que el equipo de destino denegó expresamente dicha conexión
in APPPATH\Controllers\Home.php on line 64.
 1 APPPATH\Controllers\Home.php(64): mysqli_connect('localhost', 'root', Object(SensitiveParameterValue))
 2 SYSTEMPATH\CodeIgniter.php(934): App\Controllers\Home->entrar()
 3 SYSTEMPATH\CodeIgniter.php(499): CodeIgniter\CodeIgniter->runController(Object(App\Controllers\Home))
 4 SYSTEMPATH\CodeIgniter.php(368): CodeIgniter\CodeIgniter->handleRequest(null, Object(Config\Cache), false)
 5 FCPATH\index.php(67): CodeIgniter\CodeIgniter->run()
CRITICAL - 2023-06-13 18:30:58 --> No se puede establecer una conexión ya que el equipo de destino denegó expresamente dicha conexión
in APPPATH\Controllers\Home.php on line 64.
 1 APPPATH\Controllers\Home.php(64): mysqli_connect('localhost', 'root', Object(SensitiveParameterValue))
 2 SYSTEMPATH\CodeIgniter.php(934): App\Controllers\Home->entrar()
 3 SYSTEMPATH\CodeIgniter.php(499): CodeIgniter\CodeIgniter->runController(Object(App\Controllers\Home))
 4 SYSTEMPATH\CodeIgniter.php(368): CodeIgniter\CodeIgniter->handleRequest(null, Object(Config\Cache), false)
 5 FCPATH\index.php(67): CodeIgniter\CodeIgniter->run()
CRITICAL - 2023-06-13 18:31:01 --> No se puede establecer una conexión ya que el equipo de destino denegó expresamente dicha conexión
in APPPATH\Controllers\Home.php on line 64.
 1 APPPATH\Controllers\Home.php(64): mysqli_connect('localhost', 'root', Object(SensitiveParameterValue))
 2 SYSTEMPATH\CodeIgniter.php(934): App\Controllers\Home->entrar()
 3 SYSTEMPATH\CodeIgniter.php(499): CodeIgniter\CodeIgniter->runController(Object(App\Controllers\Home))
 4 SYSTEMPATH\CodeIgniter.php(368): CodeIgniter\CodeIgniter->handleRequest(null, Object(Config\Cache), false)
 5 FCPATH\index.php(67): CodeIgniter\CodeIgniter->run()
