CRITICAL - 2023-05-26 12:54:06 --> Undefined array key "tiempo"
in APPPATH\Controllers\Home.php on line 37.
 1 APPPATH\Controllers\Home.php(37): CodeIgniter\Debug\Exceptions->errorHandler(2, 'Undefined array key "tiempo"', 'C:\\xampp\\htdocs\\CIBERSHIFT\\app\\Controllers\\Home.php', 37)
 2 SYSTEMPATH\CodeIgniter.php(934): App\Controllers\Home->cita()
 3 SYSTEMPATH\CodeIgniter.php(499): CodeIgniter\CodeIgniter->runController(Object(App\Controllers\Home))
 4 SYSTEMPATH\CodeIgniter.php(368): CodeIgniter\CodeIgniter->handleRequest(null, Object(Config\Cache), false)
 5 FCPATH\index.php(67): CodeIgniter\CodeIgniter->run()
CRITICAL - 2023-05-26 12:55:28 --> Undefined array key "tiempo"
in APPPATH\Controllers\Home.php on line 37.
 1 APPPATH\Controllers\Home.php(37): CodeIgniter\Debug\Exceptions->errorHandler(2, 'Undefined array key "tiempo"', 'C:\\xampp\\htdocs\\CIBERSHIFT\\app\\Controllers\\Home.php', 37)
 2 SYSTEMPATH\CodeIgniter.php(934): App\Controllers\Home->cita()
 3 SYSTEMPATH\CodeIgniter.php(499): CodeIgniter\CodeIgniter->runController(Object(App\Controllers\Home))
 4 SYSTEMPATH\CodeIgniter.php(368): CodeIgniter\CodeIgniter->handleRequest(null, Object(Config\Cache), false)
 5 FCPATH\index.php(67): CodeIgniter\CodeIgniter->run()
CRITICAL - 2023-05-26 12:58:32 --> Undefined array key "tiempo"
in APPPATH\Controllers\Home.php on line 37.
 1 APPPATH\Controllers\Home.php(37): CodeIgniter\Debug\Exceptions->errorHandler(2, 'Undefined array key "tiempo"', 'C:\\xampp\\htdocs\\CIBERSHIFT\\app\\Controllers\\Home.php', 37)
 2 SYSTEMPATH\CodeIgniter.php(934): App\Controllers\Home->cita()
 3 SYSTEMPATH\CodeIgniter.php(499): CodeIgniter\CodeIgniter->runController(Object(App\Controllers\Home))
 4 SYSTEMPATH\CodeIgniter.php(368): CodeIgniter\CodeIgniter->handleRequest(null, Object(Config\Cache), false)
 5 FCPATH\index.php(67): CodeIgniter\CodeIgniter->run()
CRITICAL - 2023-05-26 12:58:58 --> Undefined array key "tiempo"
in APPPATH\Controllers\Home.php on line 37.
 1 APPPATH\Controllers\Home.php(37): CodeIgniter\Debug\Exceptions->errorHandler(2, 'Undefined array key "tiempo"', 'C:\\xampp\\htdocs\\CIBERSHIFT\\app\\Controllers\\Home.php', 37)
 2 SYSTEMPATH\CodeIgniter.php(934): App\Controllers\Home->cita()
 3 SYSTEMPATH\CodeIgniter.php(499): CodeIgniter\CodeIgniter->runController(Object(App\Controllers\Home))
 4 SYSTEMPATH\CodeIgniter.php(368): CodeIgniter\CodeIgniter->handleRequest(null, Object(Config\Cache), false)
 5 FCPATH\index.php(67): CodeIgniter\CodeIgniter->run()
CRITICAL - 2023-05-26 15:36:48 --> Undefined constant "Config\routes"
in APPPATH\Config\Routes.php on line 42.
 1 SYSTEMPATH\Router\RouteCollection.php(267): require()
 2 SYSTEMPATH\CodeIgniter.php(802): CodeIgniter\Router\RouteCollection->loadRoutes()
 3 SYSTEMPATH\CodeIgniter.php(449): CodeIgniter\CodeIgniter->tryToRouteIt(null)
 4 SYSTEMPATH\CodeIgniter.php(368): CodeIgniter\CodeIgniter->handleRequest(null, Object(Config\Cache), false)
 5 FCPATH\index.php(67): CodeIgniter\CodeIgniter->run()
CRITICAL - 2023-05-26 15:37:25 --> Undefined constant "Config\routes"
in APPPATH\Config\Routes.php on line 42.
 1 SYSTEMPATH\Router\RouteCollection.php(267): require()
 2 SYSTEMPATH\CodeIgniter.php(802): CodeIgniter\Router\RouteCollection->loadRoutes()
 3 SYSTEMPATH\CodeIgniter.php(449): CodeIgniter\CodeIgniter->tryToRouteIt(null)
 4 SYSTEMPATH\CodeIgniter.php(368): CodeIgniter\CodeIgniter->handleRequest(null, Object(Config\Cache), false)
 5 FCPATH\index.php(67): CodeIgniter\CodeIgniter->run()
CRITICAL - 2023-05-26 15:37:26 --> Undefined constant "Config\routes"
in APPPATH\Config\Routes.php on line 42.
 1 SYSTEMPATH\Router\RouteCollection.php(267): require()
 2 SYSTEMPATH\CodeIgniter.php(802): CodeIgniter\Router\RouteCollection->loadRoutes()
 3 SYSTEMPATH\CodeIgniter.php(449): CodeIgniter\CodeIgniter->tryToRouteIt(null)
 4 SYSTEMPATH\CodeIgniter.php(368): CodeIgniter\CodeIgniter->handleRequest(null, Object(Config\Cache), false)
 5 FCPATH\index.php(67): CodeIgniter\CodeIgniter->run()
CRITICAL - 2023-05-26 15:37:26 --> Undefined constant "Config\routes"
in APPPATH\Config\Routes.php on line 42.
 1 SYSTEMPATH\Router\RouteCollection.php(267): require()
 2 SYSTEMPATH\CodeIgniter.php(802): CodeIgniter\Router\RouteCollection->loadRoutes()
 3 SYSTEMPATH\CodeIgniter.php(449): CodeIgniter\CodeIgniter->tryToRouteIt(null)
 4 SYSTEMPATH\CodeIgniter.php(368): CodeIgniter\CodeIgniter->handleRequest(null, Object(Config\Cache), false)
 5 FCPATH\index.php(67): CodeIgniter\CodeIgniter->run()
CRITICAL - 2023-05-26 15:37:26 --> Undefined constant "Config\routes"
in APPPATH\Config\Routes.php on line 42.
 1 SYSTEMPATH\Router\RouteCollection.php(267): require()
 2 SYSTEMPATH\CodeIgniter.php(802): CodeIgniter\Router\RouteCollection->loadRoutes()
 3 SYSTEMPATH\CodeIgniter.php(449): CodeIgniter\CodeIgniter->tryToRouteIt(null)
 4 SYSTEMPATH\CodeIgniter.php(368): CodeIgniter\CodeIgniter->handleRequest(null, Object(Config\Cache), false)
 5 FCPATH\index.php(67): CodeIgniter\CodeIgniter->run()
CRITICAL - 2023-05-26 15:37:26 --> Undefined constant "Config\routes"
in APPPATH\Config\Routes.php on line 42.
 1 SYSTEMPATH\Router\RouteCollection.php(267): require()
 2 SYSTEMPATH\CodeIgniter.php(802): CodeIgniter\Router\RouteCollection->loadRoutes()
 3 SYSTEMPATH\CodeIgniter.php(449): CodeIgniter\CodeIgniter->tryToRouteIt(null)
 4 SYSTEMPATH\CodeIgniter.php(368): CodeIgniter\CodeIgniter->handleRequest(null, Object(Config\Cache), false)
 5 FCPATH\index.php(67): CodeIgniter\CodeIgniter->run()
CRITICAL - 2023-05-26 16:03:13 --> Cannot redeclare App\Controllers\Home::login()
in APPPATH\Controllers\Home.php on line 109.
 1 [internal function]: CodeIgniter\Debug\Exceptions->shutdownHandler()
CRITICAL - 2023-05-26 16:06:57 --> Cannot redeclare App\Controllers\Home::login()
in APPPATH\Controllers\Home.php on line 109.
 1 [internal function]: CodeIgniter\Debug\Exceptions->shutdownHandler()
CRITICAL - 2023-05-26 16:23:28 --> Invalid file: "ingresa.php"
in SYSTEMPATH\Exceptions\FrameworkException.php on line 33.
 1 SYSTEMPATH\View\View.php(201): CodeIgniter\Exceptions\FrameworkException::forInvalidFile('ingresa.php')
 2 SYSTEMPATH\Common.php(1184): CodeIgniter\View\View->render('ingresa', [], true)
 3 APPPATH\Controllers\Home.php(158): view('ingresa')
 4 SYSTEMPATH\CodeIgniter.php(934): App\Controllers\Home->ingresa()
 5 SYSTEMPATH\CodeIgniter.php(499): CodeIgniter\CodeIgniter->runController(Object(App\Controllers\Home))
 6 SYSTEMPATH\CodeIgniter.php(368): CodeIgniter\CodeIgniter->handleRequest(null, Object(Config\Cache), false)
 7 FCPATH\index.php(67): CodeIgniter\CodeIgniter->run()
CRITICAL - 2023-05-26 16:24:22 --> Invalid file: "ingresa.php"
in SYSTEMPATH\Exceptions\FrameworkException.php on line 33.
 1 SYSTEMPATH\View\View.php(201): CodeIgniter\Exceptions\FrameworkException::forInvalidFile('ingresa.php')
 2 SYSTEMPATH\Common.php(1184): CodeIgniter\View\View->render('ingresa', [], true)
 3 APPPATH\Controllers\Home.php(158): view('ingresa')
 4 SYSTEMPATH\CodeIgniter.php(934): App\Controllers\Home->ingresa()
 5 SYSTEMPATH\CodeIgniter.php(499): CodeIgniter\CodeIgniter->runController(Object(App\Controllers\Home))
 6 SYSTEMPATH\CodeIgniter.php(368): CodeIgniter\CodeIgniter->handleRequest(null, Object(Config\Cache), false)
 7 FCPATH\index.php(67): CodeIgniter\CodeIgniter->run()
CRITICAL - 2023-05-26 16:24:23 --> Invalid file: "ingresa.php"
in SYSTEMPATH\Exceptions\FrameworkException.php on line 33.
 1 SYSTEMPATH\View\View.php(201): CodeIgniter\Exceptions\FrameworkException::forInvalidFile('ingresa.php')
 2 SYSTEMPATH\Common.php(1184): CodeIgniter\View\View->render('ingresa', [], true)
 3 APPPATH\Controllers\Home.php(158): view('ingresa')
 4 SYSTEMPATH\CodeIgniter.php(934): App\Controllers\Home->ingresa()
 5 SYSTEMPATH\CodeIgniter.php(499): CodeIgniter\CodeIgniter->runController(Object(App\Controllers\Home))
 6 SYSTEMPATH\CodeIgniter.php(368): CodeIgniter\CodeIgniter->handleRequest(null, Object(Config\Cache), false)
 7 FCPATH\index.php(67): CodeIgniter\CodeIgniter->run()
CRITICAL - 2023-05-26 16:56:27 --> Invalid file: "ingresa.php"
in SYSTEMPATH\Exceptions\FrameworkException.php on line 33.
 1 SYSTEMPATH\View\View.php(201): CodeIgniter\Exceptions\FrameworkException::forInvalidFile('ingresa.php')
 2 SYSTEMPATH\Common.php(1184): CodeIgniter\View\View->render('ingresa', [], true)
 3 APPPATH\Controllers\Home.php(163): view('ingresa')
 4 SYSTEMPATH\CodeIgniter.php(934): App\Controllers\Home->ingresa()
 5 SYSTEMPATH\CodeIgniter.php(499): CodeIgniter\CodeIgniter->runController(Object(App\Controllers\Home))
 6 SYSTEMPATH\CodeIgniter.php(368): CodeIgniter\CodeIgniter->handleRequest(null, Object(Config\Cache), false)
 7 FCPATH\index.php(67): CodeIgniter\CodeIgniter->run()
CRITICAL - 2023-05-26 16:57:18 --> Invalid file: "ingresa.php"
in SYSTEMPATH\Exceptions\FrameworkException.php on line 33.
 1 SYSTEMPATH\View\View.php(201): CodeIgniter\Exceptions\FrameworkException::forInvalidFile('ingresa.php')
 2 SYSTEMPATH\Common.php(1184): CodeIgniter\View\View->render('ingresa', [], true)
 3 APPPATH\Controllers\Home.php(161): view('ingresa')
 4 SYSTEMPATH\CodeIgniter.php(934): App\Controllers\Home->ingresa()
 5 SYSTEMPATH\CodeIgniter.php(499): CodeIgniter\CodeIgniter->runController(Object(App\Controllers\Home))
 6 SYSTEMPATH\CodeIgniter.php(368): CodeIgniter\CodeIgniter->handleRequest(null, Object(Config\Cache), false)
 7 FCPATH\index.php(67): CodeIgniter\CodeIgniter->run()
CRITICAL - 2023-05-26 16:57:43 --> Invalid file: "ingresa.php"
in SYSTEMPATH\Exceptions\FrameworkException.php on line 33.
 1 SYSTEMPATH\View\View.php(201): CodeIgniter\Exceptions\FrameworkException::forInvalidFile('ingresa.php')
 2 SYSTEMPATH\Common.php(1184): CodeIgniter\View\View->render('ingresa', [], true)
 3 APPPATH\Controllers\Home.php(161): view('ingresa')
 4 SYSTEMPATH\CodeIgniter.php(934): App\Controllers\Home->ingresa()
 5 SYSTEMPATH\CodeIgniter.php(499): CodeIgniter\CodeIgniter->runController(Object(App\Controllers\Home))
 6 SYSTEMPATH\CodeIgniter.php(368): CodeIgniter\CodeIgniter->handleRequest(null, Object(Config\Cache), false)
 7 FCPATH\index.php(67): CodeIgniter\CodeIgniter->run()
CRITICAL - 2023-05-26 16:58:51 --> Duplicate entry 'jaimepeacheco@gmail.' for key 'PRIMARY'
in APPPATH\Controllers\Home.php on line 149.
 1 APPPATH\Controllers\Home.php(149): mysqli_query(Object(mysqli), 'INSERT INTO ingresar (email,contraseña) values (\'jaimepeacheco@gmail.com\',\'1234\')')
 2 SYSTEMPATH\CodeIgniter.php(934): App\Controllers\Home->ingresar()
 3 SYSTEMPATH\CodeIgniter.php(499): CodeIgniter\CodeIgniter->runController(Object(App\Controllers\Home))
 4 SYSTEMPATH\CodeIgniter.php(368): CodeIgniter\CodeIgniter->handleRequest(null, Object(Config\Cache), false)
 5 FCPATH\index.php(67): CodeIgniter\CodeIgniter->run()
CRITICAL - 2023-05-26 16:59:00 --> Invalid file: "ingresa.php"
in SYSTEMPATH\Exceptions\FrameworkException.php on line 33.
 1 SYSTEMPATH\View\View.php(201): CodeIgniter\Exceptions\FrameworkException::forInvalidFile('ingresa.php')
 2 SYSTEMPATH\Common.php(1184): CodeIgniter\View\View->render('ingresa', [], true)
 3 APPPATH\Controllers\Home.php(160): view('ingresa')
 4 SYSTEMPATH\CodeIgniter.php(934): App\Controllers\Home->ingresa()
 5 SYSTEMPATH\CodeIgniter.php(499): CodeIgniter\CodeIgniter->runController(Object(App\Controllers\Home))
 6 SYSTEMPATH\CodeIgniter.php(368): CodeIgniter\CodeIgniter->handleRequest(null, Object(Config\Cache), false)
 7 FCPATH\index.php(67): CodeIgniter\CodeIgniter->run()
CRITICAL - 2023-05-26 17:09:38 --> Duplicate entry 'jaimepeacheco@gmail.' for key 'PRIMARY'
in APPPATH\Controllers\Home.php on line 152.
 1 APPPATH\Controllers\Home.php(152): mysqli_query(Object(mysqli), 'INSERT INTO ingresar (email,contraseña) values (\'jaimepeacheco@gmail.com\',\'1233\')')
 2 SYSTEMPATH\CodeIgniter.php(934): App\Controllers\Home->ingresar()
 3 SYSTEMPATH\CodeIgniter.php(499): CodeIgniter\CodeIgniter->runController(Object(App\Controllers\Home))
 4 SYSTEMPATH\CodeIgniter.php(368): CodeIgniter\CodeIgniter->handleRequest(null, Object(Config\Cache), false)
 5 FCPATH\index.php(67): CodeIgniter\CodeIgniter->run()
CRITICAL - 2023-05-26 17:52:46 --> Duplicate entry 'jaimepeacheco@gmail.' for key 'PRIMARY'
in APPPATH\Controllers\Home.php on line 152.
 1 APPPATH\Controllers\Home.php(152): mysqli_query(Object(mysqli), 'INSERT INTO ingresar (email,contraseña) values (\'jaimepeacheco@gmail.com\',\'12356\')')
 2 SYSTEMPATH\CodeIgniter.php(934): App\Controllers\Home->ingresar()
 3 SYSTEMPATH\CodeIgniter.php(499): CodeIgniter\CodeIgniter->runController(Object(App\Controllers\Home))
 4 SYSTEMPATH\CodeIgniter.php(368): CodeIgniter\CodeIgniter->handleRequest(null, Object(Config\Cache), false)
 5 FCPATH\index.php(67): CodeIgniter\CodeIgniter->run()
CRITICAL - 2023-05-26 17:53:08 --> Duplicate entry 'jaimepeacheco@gmail.' for key 'PRIMARY'
in APPPATH\Controllers\Home.php on line 152.
 1 APPPATH\Controllers\Home.php(152): mysqli_query(Object(mysqli), 'INSERT INTO ingresar (email,contraseña) values (\'jaimepeacheco@gmail.com\',\'12356\')')
 2 SYSTEMPATH\CodeIgniter.php(934): App\Controllers\Home->ingresar()
 3 SYSTEMPATH\CodeIgniter.php(499): CodeIgniter\CodeIgniter->runController(Object(App\Controllers\Home))
 4 SYSTEMPATH\CodeIgniter.php(368): CodeIgniter\CodeIgniter->handleRequest(null, Object(Config\Cache), false)
 5 FCPATH\index.php(67): CodeIgniter\CodeIgniter->run()
CRITICAL - 2023-05-26 18:59:21 --> Duplicate entry 'jaimepeache@gmail.co' for key 'PRIMARY'
in APPPATH\Controllers\Home.php on line 152.
 1 APPPATH\Controllers\Home.php(152): mysqli_query(Object(mysqli), 'INSERT INTO ingresar (email,contraseña) values (\'jaimepeache@gmail.com\',\'1111111111111111111111111\')')
 2 SYSTEMPATH\CodeIgniter.php(934): App\Controllers\Home->ingresar()
 3 SYSTEMPATH\CodeIgniter.php(499): CodeIgniter\CodeIgniter->runController(Object(App\Controllers\Home))
 4 SYSTEMPATH\CodeIgniter.php(368): CodeIgniter\CodeIgniter->handleRequest(null, Object(Config\Cache), false)
 5 FCPATH\index.php(67): CodeIgniter\CodeIgniter->run()
CRITICAL - 2023-05-26 19:01:39 --> Duplicate entry 'jaimepeache@gmail.co' for key 'PRIMARY'
in APPPATH\Controllers\Home.php on line 151.
 1 APPPATH\Controllers\Home.php(151): mysqli_query(Object(mysqli), 'INSERT INTO ingresar (email,contraseña) values (\'jaimepeache@gmail.com\',\'1111111111111111111111111\')')
 2 SYSTEMPATH\CodeIgniter.php(934): App\Controllers\Home->ingresar()
 3 SYSTEMPATH\CodeIgniter.php(499): CodeIgniter\CodeIgniter->runController(Object(App\Controllers\Home))
 4 SYSTEMPATH\CodeIgniter.php(368): CodeIgniter\CodeIgniter->handleRequest(null, Object(Config\Cache), false)
 5 FCPATH\index.php(67): CodeIgniter\CodeIgniter->run()
CRITICAL - 2023-05-26 19:01:44 --> Duplicate entry 'jaimepeache@gmail.co' for key 'PRIMARY'
in APPPATH\Controllers\Home.php on line 151.
 1 APPPATH\Controllers\Home.php(151): mysqli_query(Object(mysqli), 'INSERT INTO ingresar (email,contraseña) values (\'jaimepeache@gmail.com\',\'1111111111111111111111111\')')
 2 SYSTEMPATH\CodeIgniter.php(934): App\Controllers\Home->ingresar()
 3 SYSTEMPATH\CodeIgniter.php(499): CodeIgniter\CodeIgniter->runController(Object(App\Controllers\Home))
 4 SYSTEMPATH\CodeIgniter.php(368): CodeIgniter\CodeIgniter->handleRequest(null, Object(Config\Cache), false)
 5 FCPATH\index.php(67): CodeIgniter\CodeIgniter->run()
CRITICAL - 2023-05-26 19:10:19 --> Duplicate entry 'jaime@gmail.com' for key 'PRIMARY'
in APPPATH\Controllers\Home.php on line 151.
 1 APPPATH\Controllers\Home.php(151): mysqli_query(Object(mysqli), 'INSERT INTO ingresar (email,contraseña) values (\'jaime@gmail.com\',\'10\')')
 2 SYSTEMPATH\CodeIgniter.php(934): App\Controllers\Home->ingresar()
 3 SYSTEMPATH\CodeIgniter.php(499): CodeIgniter\CodeIgniter->runController(Object(App\Controllers\Home))
 4 SYSTEMPATH\CodeIgniter.php(368): CodeIgniter\CodeIgniter->handleRequest(null, Object(Config\Cache), false)
 5 FCPATH\index.php(67): CodeIgniter\CodeIgniter->run()
CRITICAL - 2023-05-26 19:11:12 --> Duplicate entry 'jaime@gmail.com' for key 'PRIMARY'
in APPPATH\Controllers\Home.php on line 151.
 1 APPPATH\Controllers\Home.php(151): mysqli_query(Object(mysqli), 'INSERT INTO ingresar (email,contraseña) values (\'jaime@gmail.com\',\'123\')')
 2 SYSTEMPATH\CodeIgniter.php(934): App\Controllers\Home->ingresar()
 3 SYSTEMPATH\CodeIgniter.php(499): CodeIgniter\CodeIgniter->runController(Object(App\Controllers\Home))
 4 SYSTEMPATH\CodeIgniter.php(368): CodeIgniter\CodeIgniter->handleRequest(null, Object(Config\Cache), false)
 5 FCPATH\index.php(67): CodeIgniter\CodeIgniter->run()
